{"D:\\js_projects\\rss-node\\modules\\cipher.js": {"path":"D:\\js_projects\\rss-node\\modules\\cipher.js","statementMap":{"0":{"start":{"line":1,"column":0},"end":{"line":54,"column":2}},"1":{"start":{"line":6,"column":4},"end":{"line":23,"column":5}},"2":{"start":{"line":7,"column":6},"end":{"line":13,"column":9}},"3":{"start":{"line":8,"column":8},"end":{"line":12,"column":14}},"4":{"start":{"line":15,"column":6},"end":{"line":22,"column":9}},"5":{"start":{"line":16,"column":8},"end":{"line":21,"column":14}},"6":{"start":{"line":24,"column":4},"end":{"line":24,"column":25}},"7":{"start":{"line":28,"column":4},"end":{"line":32,"column":7}},"8":{"start":{"line":29,"column":6},"end":{"line":31,"column":62}},"9":{"start":{"line":34,"column":4},"end":{"line":34,"column":25}},"10":{"start":{"line":38,"column":4},"end":{"line":38,"column":41}},"11":{"start":{"line":42,"column":17},"end":{"line":42,"column":19}},"12":{"start":{"line":43,"column":21},"end":{"line":43,"column":39}},"13":{"start":{"line":44,"column":4},"end":{"line":50,"column":7}},"14":{"start":{"line":45,"column":6},"end":{"line":49,"column":7}},"15":{"start":{"line":46,"column":21},"end":{"line":46,"column":36}},"16":{"start":{"line":47,"column":8},"end":{"line":47,"column":46}},"17":{"start":{"line":48,"column":8},"end":{"line":48,"column":37}},"18":{"start":{"line":52,"column":4},"end":{"line":52,"column":30}}},"fnMap":{"0":{"name":"(anonymous_0)","decl":{"start":{"line":5,"column":2},"end":{"line":5,"column":3}},"loc":{"start":{"line":5,"column":38},"end":{"line":25,"column":3}},"line":5},"1":{"name":"(anonymous_1)","decl":{"start":{"line":7,"column":32},"end":{"line":7,"column":33}},"loc":{"start":{"line":7,"column":42},"end":{"line":13,"column":7}},"line":7},"2":{"name":"(anonymous_2)","decl":{"start":{"line":15,"column":32},"end":{"line":15,"column":33}},"loc":{"start":{"line":15,"column":42},"end":{"line":22,"column":7}},"line":15},"3":{"name":"(anonymous_3)","decl":{"start":{"line":27,"column":2},"end":{"line":27,"column":3}},"loc":{"start":{"line":27,"column":15},"end":{"line":35,"column":3}},"line":27},"4":{"name":"(anonymous_4)","decl":{"start":{"line":28,"column":30},"end":{"line":28,"column":31}},"loc":{"start":{"line":28,"column":40},"end":{"line":32,"column":5}},"line":28},"5":{"name":"(anonymous_5)","decl":{"start":{"line":37,"column":2},"end":{"line":37,"column":3}},"loc":{"start":{"line":37,"column":34},"end":{"line":39,"column":3}},"line":37},"6":{"name":"(anonymous_6)","decl":{"start":{"line":41,"column":2},"end":{"line":41,"column":3}},"loc":{"start":{"line":41,"column":20},"end":{"line":53,"column":3}},"line":41},"7":{"name":"(anonymous_7)","decl":{"start":{"line":44,"column":21},"end":{"line":44,"column":22}},"loc":{"start":{"line":44,"column":38},"end":{"line":50,"column":5}},"line":44}},"branchMap":{"0":{"loc":{"start":{"line":5,"column":9},"end":{"line":5,"column":16}},"type":"default-arg","locations":[{"start":{"line":5,"column":14},"end":{"line":5,"column":16}}],"line":5},"1":{"loc":{"start":{"line":5,"column":17},"end":{"line":5,"column":25}},"type":"default-arg","locations":[{"start":{"line":5,"column":24},"end":{"line":5,"column":25}}],"line":5},"2":{"loc":{"start":{"line":5,"column":27},"end":{"line":5,"column":36}},"type":"default-arg","locations":[{"start":{"line":5,"column":35},"end":{"line":5,"column":36}}],"line":5},"3":{"loc":{"start":{"line":6,"column":4},"end":{"line":23,"column":5}},"type":"if","locations":[{"start":{"line":6,"column":4},"end":{"line":23,"column":5}},{"start":{"line":14,"column":11},"end":{"line":23,"column":5}}],"line":6},"4":{"loc":{"start":{"line":8,"column":15},"end":{"line":12,"column":13}},"type":"cond-expr","locations":[{"start":{"line":9,"column":12},"end":{"line":9,"column":16}},{"start":{"line":10,"column":12},"end":{"line":12,"column":13}}],"line":8},"5":{"loc":{"start":{"line":16,"column":15},"end":{"line":21,"column":13}},"type":"cond-expr","locations":[{"start":{"line":17,"column":12},"end":{"line":17,"column":16}},{"start":{"line":18,"column":12},"end":{"line":21,"column":13}}],"line":16},"6":{"loc":{"start":{"line":29,"column":13},"end":{"line":31,"column":61}},"type":"cond-expr","locations":[{"start":{"line":30,"column":10},"end":{"line":30,"column":14}},{"start":{"line":31,"column":10},"end":{"line":31,"column":61}}],"line":29},"7":{"loc":{"start":{"line":37,"column":13},"end":{"line":37,"column":21}},"type":"default-arg","locations":[{"start":{"line":37,"column":20},"end":{"line":37,"column":21}}],"line":37},"8":{"loc":{"start":{"line":37,"column":23},"end":{"line":37,"column":32}},"type":"default-arg","locations":[{"start":{"line":37,"column":31},"end":{"line":37,"column":32}}],"line":37},"9":{"loc":{"start":{"line":45,"column":6},"end":{"line":49,"column":7}},"type":"if","locations":[{"start":{"line":45,"column":6},"end":{"line":49,"column":7}},{"start":{},"end":{}}],"line":45}},"s":{"0":1,"1":4,"2":2,"3":16,"4":2,"5":16,"6":4,"7":1,"8":8,"9":1,"10":2,"11":7,"12":7,"13":7,"14":318,"15":159,"16":159,"17":159,"18":7},"f":{"0":4,"1":16,"2":16,"3":1,"4":8,"5":2,"6":7,"7":318},"b":{"0":[0],"1":[1],"2":[2],"3":[2,2],"4":[4,12],"5":[4,12],"6":[2,6],"7":[1],"8":[2],"9":[159,159]},"_coverageSchema":"1a1c01bbd47fc00a2c39e90264f33305004495a9","hash":"9a06e453991dd976bfbc0a375800b2cb250d6fbc"}
,"D:\\js_projects\\rss-node\\modules\\errors.js": {"path":"D:\\js_projects\\rss-node\\modules\\errors.js","statementMap":{"0":{"start":{"line":3,"column":4},"end":{"line":3,"column":19}},"1":{"start":{"line":4,"column":4},"end":{"line":4,"column":30}},"2":{"start":{"line":5,"column":4},"end":{"line":5,"column":25}},"3":{"start":{"line":11,"column":4},"end":{"line":11,"column":27}},"4":{"start":{"line":12,"column":4},"end":{"line":12,"column":30}},"5":{"start":{"line":18,"column":4},"end":{"line":18,"column":27}},"6":{"start":{"line":19,"column":4},"end":{"line":19,"column":29}},"7":{"start":{"line":25,"column":4},"end":{"line":25,"column":27}},"8":{"start":{"line":26,"column":4},"end":{"line":26,"column":30}},"9":{"start":{"line":32,"column":4},"end":{"line":32,"column":27}},"10":{"start":{"line":33,"column":4},"end":{"line":33,"column":37}},"11":{"start":{"line":37,"column":0},"end":{"line":43,"column":2}}},"fnMap":{"0":{"name":"(anonymous_0)","decl":{"start":{"line":2,"column":2},"end":{"line":2,"column":3}},"loc":{"start":{"line":2,"column":50},"end":{"line":6,"column":3}},"line":2},"1":{"name":"(anonymous_1)","decl":{"start":{"line":10,"column":2},"end":{"line":10,"column":3}},"loc":{"start":{"line":10,"column":31},"end":{"line":13,"column":3}},"line":10},"2":{"name":"(anonymous_2)","decl":{"start":{"line":17,"column":2},"end":{"line":17,"column":3}},"loc":{"start":{"line":17,"column":31},"end":{"line":20,"column":3}},"line":17},"3":{"name":"(anonymous_3)","decl":{"start":{"line":24,"column":2},"end":{"line":24,"column":3}},"loc":{"start":{"line":24,"column":31},"end":{"line":27,"column":3}},"line":24},"4":{"name":"(anonymous_4)","decl":{"start":{"line":31,"column":2},"end":{"line":31,"column":3}},"loc":{"start":{"line":31,"column":31},"end":{"line":34,"column":3}},"line":31}},"branchMap":{"0":{"loc":{"start":{"line":2,"column":23},"end":{"line":2,"column":48}},"type":"default-arg","locations":[{"start":{"line":2,"column":32},"end":{"line":2,"column":48}}],"line":2}},"s":{"0":8,"1":8,"2":8,"3":3,"4":3,"5":1,"6":1,"7":1,"8":1,"9":2,"10":2,"11":2},"f":{"0":8,"1":3,"2":1,"3":1,"4":2},"b":{"0":[8]},"_coverageSchema":"1a1c01bbd47fc00a2c39e90264f33305004495a9","hash":"baaad6873de6677496ae770c8dc8fe5ed5a38334"}
,"D:\\js_projects\\rss-node\\modules\\helper.js": {"path":"D:\\js_projects\\rss-node\\modules\\helper.js","statementMap":{"0":{"start":{"line":1,"column":0},"end":{"line":52,"column":2}},"1":{"start":{"line":3,"column":19},"end":{"line":3,"column":32}},"2":{"start":{"line":4,"column":17},"end":{"line":4,"column":26}},"3":{"start":{"line":6,"column":4},"end":{"line":31,"column":7}},"4":{"start":{"line":7,"column":6},"end":{"line":20,"column":7}},"5":{"start":{"line":9,"column":10},"end":{"line":9,"column":22}},"6":{"start":{"line":10,"column":10},"end":{"line":10,"column":16}},"7":{"start":{"line":12,"column":10},"end":{"line":12,"column":22}},"8":{"start":{"line":13,"column":10},"end":{"line":13,"column":16}},"9":{"start":{"line":15,"column":10},"end":{"line":15,"column":22}},"10":{"start":{"line":16,"column":10},"end":{"line":16,"column":16}},"11":{"start":{"line":18,"column":10},"end":{"line":18,"column":22}},"12":{"start":{"line":19,"column":10},"end":{"line":19,"column":16}},"13":{"start":{"line":22,"column":6},"end":{"line":30,"column":7}},"14":{"start":{"line":27,"column":8},"end":{"line":29,"column":47}},"15":{"start":{"line":33,"column":4},"end":{"line":33,"column":16}},"16":{"start":{"line":37,"column":19},"end":{"line":37,"column":39}},"17":{"start":{"line":38,"column":16},"end":{"line":38,"column":17}},"18":{"start":{"line":39,"column":4},"end":{"line":44,"column":5}},"19":{"start":{"line":39,"column":17},"end":{"line":39,"column":18}},"20":{"start":{"line":40,"column":6},"end":{"line":43,"column":7}},"21":{"start":{"line":41,"column":8},"end":{"line":41,"column":16}},"22":{"start":{"line":42,"column":8},"end":{"line":42,"column":14}},"23":{"start":{"line":45,"column":4},"end":{"line":45,"column":18}},"24":{"start":{"line":49,"column":18},"end":{"line":49,"column":97}},"25":{"start":{"line":49,"column":45},"end":{"line":49,"column":96}},"26":{"start":{"line":50,"column":4},"end":{"line":50,"column":52}}},"fnMap":{"0":{"name":"(anonymous_0)","decl":{"start":{"line":2,"column":11},"end":{"line":2,"column":12}},"loc":{"start":{"line":2,"column":30},"end":{"line":34,"column":3}},"line":2},"1":{"name":"(anonymous_1)","decl":{"start":{"line":6,"column":20},"end":{"line":6,"column":21}},"loc":{"start":{"line":6,"column":37},"end":{"line":31,"column":5}},"line":6},"2":{"name":"(anonymous_2)","decl":{"start":{"line":36,"column":18},"end":{"line":36,"column":19}},"loc":{"start":{"line":36,"column":36},"end":{"line":46,"column":3}},"line":36},"3":{"name":"(anonymous_3)","decl":{"start":{"line":48,"column":17},"end":{"line":48,"column":18}},"loc":{"start":{"line":48,"column":33},"end":{"line":51,"column":3}},"line":48},"4":{"name":"(anonymous_4)","decl":{"start":{"line":49,"column":35},"end":{"line":49,"column":36}},"loc":{"start":{"line":49,"column":45},"end":{"line":49,"column":96}},"line":49}},"branchMap":{"0":{"loc":{"start":{"line":7,"column":6},"end":{"line":20,"column":7}},"type":"switch","locations":[{"start":{"line":8,"column":8},"end":{"line":10,"column":16}},{"start":{"line":11,"column":8},"end":{"line":13,"column":16}},{"start":{"line":14,"column":8},"end":{"line":16,"column":16}},{"start":{"line":17,"column":8},"end":{"line":19,"column":16}}],"line":7},"1":{"loc":{"start":{"line":22,"column":6},"end":{"line":30,"column":7}},"type":"if","locations":[{"start":{"line":22,"column":6},"end":{"line":30,"column":7}},{"start":{},"end":{}}],"line":22},"2":{"loc":{"start":{"line":23,"column":8},"end":{"line":25,"column":41}},"type":"binary-expr","locations":[{"start":{"line":23,"column":8},"end":{"line":23,"column":26}},{"start":{"line":24,"column":8},"end":{"line":24,"column":26}},{"start":{"line":25,"column":8},"end":{"line":25,"column":41}}],"line":23},"3":{"loc":{"start":{"line":27,"column":8},"end":{"line":29,"column":46}},"type":"cond-expr","locations":[{"start":{"line":28,"column":12},"end":{"line":28,"column":57}},{"start":{"line":29,"column":12},"end":{"line":29,"column":46}}],"line":27},"4":{"loc":{"start":{"line":40,"column":6},"end":{"line":43,"column":7}},"type":"if","locations":[{"start":{"line":40,"column":6},"end":{"line":43,"column":7}},{"start":{},"end":{}}],"line":40}},"s":{"0":2,"1":5,"2":5,"3":5,"4":24,"5":1,"6":1,"7":2,"8":2,"9":0,"10":0,"11":21,"12":21,"13":24,"14":9,"15":5,"16":6,"17":6,"18":6,"19":6,"20":9,"21":3,"22":3,"23":6,"24":4,"25":20,"26":4},"f":{"0":5,"1":24,"2":6,"3":4,"4":20},"b":{"0":[1,2,0,21],"1":[9,15],"2":[24,9,9],"3":[5,4],"4":[3,6]},"_coverageSchema":"1a1c01bbd47fc00a2c39e90264f33305004495a9","hash":"d3f42d671d4da329d07c889d571d645839e0fd99"}
,"D:\\js_projects\\rss-node\\modules\\validate.js": {"path":"D:\\js_projects\\rss-node\\modules\\validate.js","statementMap":{"0":{"start":{"line":1,"column":13},"end":{"line":1,"column":32}},"1":{"start":{"line":2,"column":42},"end":{"line":2,"column":61}},"2":{"start":{"line":4,"column":11},"end":{"line":4,"column":39}},"3":{"start":{"line":7,"column":4},"end":{"line":9,"column":5}},"4":{"start":{"line":8,"column":8},"end":{"line":8,"column":62}},"5":{"start":{"line":13,"column":4},"end":{"line":15,"column":5}},"6":{"start":{"line":14,"column":8},"end":{"line":14,"column":87}},"7":{"start":{"line":18,"column":0},"end":{"line":18,"column":67}}},"fnMap":{"0":{"name":"checkValidateConfig","decl":{"start":{"line":6,"column":9},"end":{"line":6,"column":28}},"loc":{"start":{"line":6,"column":34},"end":{"line":10,"column":1}},"line":6},"1":{"name":"checkValidateFlags","decl":{"start":{"line":12,"column":9},"end":{"line":12,"column":27}},"loc":{"start":{"line":12,"column":34},"end":{"line":16,"column":1}},"line":12}},"branchMap":{"0":{"loc":{"start":{"line":7,"column":4},"end":{"line":9,"column":5}},"type":"if","locations":[{"start":{"line":7,"column":4},"end":{"line":9,"column":5}},{"start":{},"end":{}}],"line":7},"1":{"loc":{"start":{"line":7,"column":8},"end":{"line":7,"column":65}},"type":"binary-expr","locations":[{"start":{"line":7,"column":8},"end":{"line":7,"column":23}},{"start":{"line":7,"column":27},"end":{"line":7,"column":65}}],"line":7},"2":{"loc":{"start":{"line":13,"column":4},"end":{"line":15,"column":5}},"type":"if","locations":[{"start":{"line":13,"column":4},"end":{"line":15,"column":5}},{"start":{},"end":{}}],"line":13}},"s":{"0":1,"1":1,"2":1,"3":3,"4":2,"5":2,"6":1,"7":1},"f":{"0":3,"1":2},"b":{"0":[2,1],"1":[3,2],"2":[1,1]},"_coverageSchema":"1a1c01bbd47fc00a2c39e90264f33305004495a9","hash":"63ea50638c5480f089ed598757cbe962a0ec7374"}
}
