TN:
SF:modules\cipher.js
FN:5,(anonymous_0)
FN:7,(anonymous_1)
FN:15,(anonymous_2)
FN:27,(anonymous_3)
FN:28,(anonymous_4)
FN:37,(anonymous_5)
FN:41,(anonymous_6)
FN:44,(anonymous_7)
FNF:8
FNH:8
FNDA:4,(anonymous_0)
FNDA:16,(anonymous_1)
FNDA:16,(anonymous_2)
FNDA:1,(anonymous_3)
FNDA:8,(anonymous_4)
FNDA:2,(anonymous_5)
FNDA:7,(anonymous_6)
FNDA:318,(anonymous_7)
DA:1,1
DA:6,4
DA:7,2
DA:8,16
DA:15,2
DA:16,16
DA:24,4
DA:28,1
DA:29,8
DA:34,1
DA:38,2
DA:42,7
DA:43,7
DA:44,7
DA:45,318
DA:46,159
DA:47,159
DA:48,159
DA:52,7
LF:19
LH:19
BRDA:5,0,0,0
BRDA:5,1,0,1
BRDA:5,2,0,2
BRDA:6,3,0,2
BRDA:6,3,1,2
BRDA:8,4,0,4
BRDA:8,4,1,12
BRDA:16,5,0,4
BRDA:16,5,1,12
BRDA:29,6,0,2
BRDA:29,6,1,6
BRDA:37,7,0,1
BRDA:37,8,0,2
BRDA:45,9,0,159
BRDA:45,9,1,159
BRF:15
BRH:14
end_of_record
TN:
SF:modules\errors.js
FN:2,(anonymous_0)
FN:10,(anonymous_1)
FN:17,(anonymous_2)
FN:24,(anonymous_3)
FN:31,(anonymous_4)
FNF:5
FNH:5
FNDA:8,(anonymous_0)
FNDA:3,(anonymous_1)
FNDA:1,(anonymous_2)
FNDA:1,(anonymous_3)
FNDA:2,(anonymous_4)
DA:3,8
DA:4,8
DA:5,8
DA:11,3
DA:12,3
DA:18,1
DA:19,1
DA:25,1
DA:26,1
DA:32,2
DA:33,2
DA:37,2
LF:12
LH:12
BRDA:2,0,0,8
BRF:1
BRH:1
end_of_record
TN:
SF:modules\helper.js
FN:2,(anonymous_0)
FN:6,(anonymous_1)
FN:36,(anonymous_2)
FN:48,(anonymous_3)
FN:49,(anonymous_4)
FNF:5
FNH:5
FNDA:5,(anonymous_0)
FNDA:24,(anonymous_1)
FNDA:6,(anonymous_2)
FNDA:4,(anonymous_3)
FNDA:20,(anonymous_4)
DA:1,2
DA:3,5
DA:4,5
DA:6,5
DA:7,24
DA:9,1
DA:10,1
DA:12,2
DA:13,2
DA:15,0
DA:16,0
DA:18,21
DA:19,21
DA:22,24
DA:27,9
DA:33,5
DA:37,6
DA:38,6
DA:39,6
DA:40,9
DA:41,3
DA:42,3
DA:45,6
DA:49,20
DA:50,4
LF:25
LH:23
BRDA:7,0,0,1
BRDA:7,0,1,2
BRDA:7,0,2,0
BRDA:7,0,3,21
BRDA:22,1,0,9
BRDA:22,1,1,15
BRDA:23,2,0,24
BRDA:23,2,1,9
BRDA:23,2,2,9
BRDA:27,3,0,5
BRDA:27,3,1,4
BRDA:40,4,0,3
BRDA:40,4,1,6
BRF:13
BRH:12
end_of_record
TN:
SF:modules\validate.js
FN:6,checkValidateConfig
FN:12,checkValidateFlags
FNF:2
FNH:2
FNDA:3,checkValidateConfig
FNDA:2,checkValidateFlags
DA:1,1
DA:2,1
DA:4,1
DA:7,3
DA:8,2
DA:13,2
DA:14,1
DA:18,1
LF:8
LH:8
BRDA:7,0,0,2
BRDA:7,0,1,1
BRDA:7,1,0,3
BRDA:7,1,1,2
BRDA:13,2,0,1
BRDA:13,2,1,1
BRF:6
BRH:6
end_of_record
